<?xml version="1.0" encoding="UTF-8"?>
<!-- Generated by org.testng.reporters.JUnitReportReporter -->
<testsuite skipped="0" hostname="DESKTOP-IPASJVQ" name="Maven1.BaseClass" tests="1" failures="0" timestamp="04 Dec 2018 00:23:21 GMT" time="4.861" errors="0">
  <testcase name="setup" time="4.861" classname="Maven1.BaseClass"/>
</testsuite> <!-- Maven1.BaseClass -->
