<?xml version="1.0" encoding="UTF-8"?>
<!-- Generated by org.testng.reporters.JUnitReportReporter -->
<testsuite skipped="0" hostname="DESKTOP-IPASJVQ" name="Maven1.MavenTest" tests="1" failures="0" timestamp="02 Dec 2018 18:15:21 GMT" time="0.012" errors="0">
  <testcase name="Hello" time="0.012" classname="Maven1.MavenTest"/>
</testsuite> <!-- Maven1.MavenTest -->
